0 info it worked if it ends with ok
1 verbose cli [ '/Users/KhanIO/.nvm/v0.10.3/bin/node',
1 verbose cli   '/Users/KhanIO/.nvm/v0.10.3/bin/npm',
1 verbose cli   'install',
1 verbose cli   '-g',
1 verbose cli   'lessc' ]
2 info using npm@1.2.17
3 info using node@v0.10.3
4 verbose read json /Users/KhanIO/.nvm/v0.10.3/lib/package.json
5 verbose read json /Users/KhanIO/.nvm/v0.10.3/lib/package.json
6 verbose cache add [ 'lessc', null ]
7 verbose cache add name=undefined spec="lessc" args=["lessc",null]
8 verbose parsed url { protocol: null,
8 verbose parsed url   slashes: null,
8 verbose parsed url   auth: null,
8 verbose parsed url   host: null,
8 verbose parsed url   port: null,
8 verbose parsed url   hostname: null,
8 verbose parsed url   hash: null,
8 verbose parsed url   search: null,
8 verbose parsed url   query: null,
8 verbose parsed url   pathname: 'lessc',
8 verbose parsed url   path: 'lessc',
8 verbose parsed url   href: 'lessc' }
9 silly lockFile 8b3a335c-lessc lessc
10 verbose lock lessc /Users/KhanIO/.npm/8b3a335c-lessc.lock
11 silly lockFile 8b3a335c-lessc lessc
12 silly lockFile 8b3a335c-lessc lessc
13 verbose addNamed [ 'lessc', '' ]
14 verbose addNamed [ null, '' ]
15 silly lockFile a47c36bc-lessc lessc@
16 verbose lock lessc@ /Users/KhanIO/.npm/a47c36bc-lessc.lock
17 silly addNameRange { name: 'lessc', range: '', hasData: false }
18 verbose url raw lessc
19 verbose url resolving [ 'https://registry.npmjs.org/', './lessc' ]
20 verbose url resolved https://registry.npmjs.org/lessc
21 info trying registry request attempt 1 at 13:22:42
22 http GET https://registry.npmjs.org/lessc
23 http 404 https://registry.npmjs.org/lessc
24 silly registry.get cb [ 404,
24 silly registry.get   { server: 'CouchDB/1.2.1 (Erlang OTP/R15B03)',
24 silly registry.get     date: 'Mon, 08 Apr 2013 05:22:44 GMT',
24 silly registry.get     'content-type': 'application/json',
24 silly registry.get     'content-length': '52',
24 silly registry.get     'cache-control': 'must-revalidate' } ]
25 silly lockFile a47c36bc-lessc lessc@
26 silly lockFile a47c36bc-lessc lessc@
27 error 404 'lessc' is not in the npm registry.
27 error 404 You should bug the author to publish it
27 error 404
27 error 404 Note that you can also install from a
27 error 404 tarball, folder, or http url, or git url.
28 error System Darwin 12.3.0
29 error command "/Users/KhanIO/.nvm/v0.10.3/bin/node" "/Users/KhanIO/.nvm/v0.10.3/bin/npm" "install" "-g" "lessc"
30 error cwd /Users/KhanIO/Development/khanio/src
31 error node -v v0.10.3
32 error npm -v 1.2.17
33 error code E404
34 verbose exit [ 1, true ]
